2025-07-19 19:56:16.967: [INFO][Sync] Reset engine, reason: 8
2025-07-19 19:56:16.969: [INFO][Sync] Stopped: Bookmarks
2025-07-19 19:56:16.969: [INFO][Sync] Stopped: Preferences
2025-07-19 19:56:16.969: [INFO][Sync] Stopped: Passwords
2025-07-19 19:56:16.969: [INFO][Sync] Stopped: Autofill Profiles
2025-07-19 19:56:16.969: [INFO][Sync] Stopped: Autofill
2025-07-19 19:56:16.969: [INFO][Sync] Stopped: Extensions
2025-07-19 19:56:16.969: [INFO][Sync] Stopped: Sessions
2025-07-19 19:56:16.969: [INFO][Sync] Stopped: Extension settings
2025-07-19 19:56:16.969: [INFO][Sync] Stopped: History Delete Directives
2025-07-19 19:56:16.969: [INFO][Sync] Stopped: Device Info
2025-07-19 19:56:16.969: [INFO][Sync] Stopped: User Consents
2025-07-19 19:56:16.969: [INFO][Sync] Stopped: Send Tab To Self
2025-07-19 19:56:16.969: [INFO][Sync] Stopped: Web Apps
2025-07-19 19:56:16.969: [INFO][Sync] Stopped: History
2025-07-19 19:56:16.969: [INFO][Sync] Stopped: Saved Tab Group
2025-07-19 19:56:16.969: [INFO][Sync] Stopped: WebAuthn Credentials
2025-07-19 19:56:16.969: [INFO][Sync] Stopped: Collection
2025-07-19 19:56:16.969: [INFO][Sync] Stopped: Edge E Drop
2025-07-19 19:56:16.969: [INFO][Sync] Stopped: Edge Hub App Usage
2025-07-19 19:56:16.969: [INFO][Sync] Stopped: Edge Wallet
2025-07-19 19:56:16.969: [INFO][Sync] SyncState after authenticated was: NotSignedIn
2025-07-19 19:56:18.176: [INFO][Sync] Reset engine, reason: 8
2025-07-19 19:56:18.176: [INFO][Sync] Stopped: Bookmarks
2025-07-19 19:56:18.176: [INFO][Sync] Stopped: Preferences
2025-07-19 19:56:18.176: [INFO][Sync] Stopped: Passwords
2025-07-19 19:56:18.176: [INFO][Sync] Stopped: Autofill Profiles
2025-07-19 19:56:18.176: [INFO][Sync] Stopped: Autofill
2025-07-19 19:56:18.176: [INFO][Sync] Stopped: Extensions
2025-07-19 19:56:18.176: [INFO][Sync] Stopped: Sessions
2025-07-19 19:56:18.176: [INFO][Sync] Stopped: Extension settings
2025-07-19 19:56:18.176: [INFO][Sync] Stopped: History Delete Directives
2025-07-19 19:56:18.176: [INFO][Sync] Stopped: Device Info
2025-07-19 19:56:18.176: [INFO][Sync] Stopped: User Consents
2025-07-19 19:56:18.176: [INFO][Sync] Stopped: Send Tab To Self
2025-07-19 19:56:18.176: [INFO][Sync] Stopped: Web Apps
2025-07-19 19:56:18.176: [INFO][Sync] Stopped: History
2025-07-19 19:56:18.176: [INFO][Sync] Stopped: Saved Tab Group
2025-07-19 19:56:18.176: [INFO][Sync] Stopped: WebAuthn Credentials
2025-07-19 19:56:18.176: [INFO][Sync] Stopped: Collection
2025-07-19 19:56:18.176: [INFO][Sync] Stopped: Edge E Drop
2025-07-19 19:56:18.176: [INFO][Sync] Stopped: Edge Hub App Usage
2025-07-19 19:56:18.176: [INFO][Sync] Stopped: Edge Wallet
2025-07-19 20:04:19.203: [INFO][Sync] Reset engine, reason: 0
2025-07-19 20:05:08.262: [INFO][Sync] Reset engine, reason: 8
2025-07-19 20:05:08.262: [INFO][Sync] Stopped: Bookmarks
2025-07-19 20:05:08.262: [INFO][Sync] Stopped: Preferences
2025-07-19 20:05:08.262: [INFO][Sync] Stopped: Passwords
2025-07-19 20:05:08.262: [INFO][Sync] Stopped: Autofill Profiles
2025-07-19 20:05:08.262: [INFO][Sync] Stopped: Autofill
2025-07-19 20:05:08.262: [INFO][Sync] Stopped: Extensions
2025-07-19 20:05:08.262: [INFO][Sync] Stopped: Sessions
2025-07-19 20:05:08.262: [INFO][Sync] Stopped: Extension settings
2025-07-19 20:05:08.262: [INFO][Sync] Stopped: History Delete Directives
2025-07-19 20:05:08.262: [INFO][Sync] Stopped: Device Info
2025-07-19 20:05:08.262: [INFO][Sync] Stopped: User Consents
2025-07-19 20:05:08.262: [INFO][Sync] Stopped: Send Tab To Self
2025-07-19 20:05:08.262: [INFO][Sync] Stopped: Web Apps
2025-07-19 20:05:08.262: [INFO][Sync] Stopped: History
2025-07-19 20:05:08.262: [INFO][Sync] Stopped: Saved Tab Group
2025-07-19 20:05:08.262: [INFO][Sync] Stopped: WebAuthn Credentials
2025-07-19 20:05:08.262: [INFO][Sync] Stopped: Collection
2025-07-19 20:05:08.262: [INFO][Sync] Stopped: Edge E Drop
2025-07-19 20:05:08.262: [INFO][Sync] Stopped: Edge Hub App Usage
2025-07-19 20:05:08.262: [INFO][Sync] Stopped: Edge Wallet
2025-07-19 20:05:08.262: [INFO][Sync] SyncState after authenticated was: NotSignedIn
2025-07-19 20:05:12.964: [INFO][Sync] Reset engine, reason: 8
2025-07-19 20:05:12.964: [INFO][Sync] Stopped: Bookmarks
2025-07-19 20:05:12.964: [INFO][Sync] Stopped: Preferences
2025-07-19 20:05:12.964: [INFO][Sync] Stopped: Passwords
2025-07-19 20:05:12.964: [INFO][Sync] Stopped: Autofill Profiles
2025-07-19 20:05:12.964: [INFO][Sync] Stopped: Autofill
2025-07-19 20:05:12.964: [INFO][Sync] Stopped: Extensions
2025-07-19 20:05:12.964: [INFO][Sync] Stopped: Sessions
2025-07-19 20:05:12.964: [INFO][Sync] Stopped: Extension settings
2025-07-19 20:05:12.964: [INFO][Sync] Stopped: History Delete Directives
2025-07-19 20:05:12.964: [INFO][Sync] Stopped: Device Info
2025-07-19 20:05:12.964: [INFO][Sync] Stopped: User Consents
2025-07-19 20:05:12.964: [INFO][Sync] Stopped: Send Tab To Self
2025-07-19 20:05:12.964: [INFO][Sync] Stopped: Web Apps
2025-07-19 20:05:12.964: [INFO][Sync] Stopped: History
2025-07-19 20:05:12.964: [INFO][Sync] Stopped: Saved Tab Group
2025-07-19 20:05:12.964: [INFO][Sync] Stopped: WebAuthn Credentials
2025-07-19 20:05:12.964: [INFO][Sync] Stopped: Collection
2025-07-19 20:05:12.964: [INFO][Sync] Stopped: Edge E Drop
2025-07-19 20:05:12.964: [INFO][Sync] Stopped: Edge Hub App Usage
2025-07-19 20:05:12.964: [INFO][Sync] Stopped: Edge Wallet
2025-07-19 20:07:25.889: [INFO][Sync] Reset engine, reason: 0
2025-07-19 20:20:14.624: [INFO][Sync] Reset engine, reason: 8
2025-07-19 20:20:14.624: [INFO][Sync] Stopped: Bookmarks
2025-07-19 20:20:14.624: [INFO][Sync] Stopped: Preferences
2025-07-19 20:20:14.624: [INFO][Sync] Stopped: Passwords
2025-07-19 20:20:14.624: [INFO][Sync] Stopped: Autofill Profiles
2025-07-19 20:20:14.624: [INFO][Sync] Stopped: Autofill
2025-07-19 20:20:14.624: [INFO][Sync] Stopped: Extensions
2025-07-19 20:20:14.624: [INFO][Sync] Stopped: Sessions
2025-07-19 20:20:14.624: [INFO][Sync] Stopped: Extension settings
2025-07-19 20:20:14.624: [INFO][Sync] Stopped: History Delete Directives
2025-07-19 20:20:14.624: [INFO][Sync] Stopped: Device Info
2025-07-19 20:20:14.624: [INFO][Sync] Stopped: User Consents
2025-07-19 20:20:14.624: [INFO][Sync] Stopped: Send Tab To Self
2025-07-19 20:20:14.624: [INFO][Sync] Stopped: Web Apps
2025-07-19 20:20:14.624: [INFO][Sync] Stopped: History
2025-07-19 20:20:14.624: [INFO][Sync] Stopped: Saved Tab Group
2025-07-19 20:20:14.624: [INFO][Sync] Stopped: WebAuthn Credentials
2025-07-19 20:20:14.624: [INFO][Sync] Stopped: Collection
2025-07-19 20:20:14.624: [INFO][Sync] Stopped: Edge E Drop
2025-07-19 20:20:14.624: [INFO][Sync] Stopped: Edge Hub App Usage
2025-07-19 20:20:14.624: [INFO][Sync] Stopped: Edge Wallet
2025-07-19 20:20:14.624: [INFO][Sync] SyncState after authenticated was: NotSignedIn
2025-07-19 20:20:15.149: [INFO][Sync] Reset engine, reason: 8
2025-07-19 20:20:15.149: [INFO][Sync] Stopped: Bookmarks
2025-07-19 20:20:15.149: [INFO][Sync] Stopped: Preferences
2025-07-19 20:20:15.149: [INFO][Sync] Stopped: Passwords
2025-07-19 20:20:15.149: [INFO][Sync] Stopped: Autofill Profiles
2025-07-19 20:20:15.149: [INFO][Sync] Stopped: Autofill
2025-07-19 20:20:15.149: [INFO][Sync] Stopped: Extensions
2025-07-19 20:20:15.149: [INFO][Sync] Stopped: Sessions
2025-07-19 20:20:15.149: [INFO][Sync] Stopped: Extension settings
2025-07-19 20:20:15.149: [INFO][Sync] Stopped: History Delete Directives
2025-07-19 20:20:15.149: [INFO][Sync] Stopped: Device Info
2025-07-19 20:20:15.149: [INFO][Sync] Stopped: User Consents
2025-07-19 20:20:15.149: [INFO][Sync] Stopped: Send Tab To Self
2025-07-19 20:20:15.149: [INFO][Sync] Stopped: Web Apps
2025-07-19 20:20:15.149: [INFO][Sync] Stopped: History
2025-07-19 20:20:15.149: [INFO][Sync] Stopped: Saved Tab Group
2025-07-19 20:20:15.149: [INFO][Sync] Stopped: WebAuthn Credentials
2025-07-19 20:20:15.149: [INFO][Sync] Stopped: Collection
2025-07-19 20:20:15.149: [INFO][Sync] Stopped: Edge E Drop
2025-07-19 20:20:15.149: [INFO][Sync] Stopped: Edge Hub App Usage
2025-07-19 20:20:15.149: [INFO][Sync] Stopped: Edge Wallet
2025-07-19 21:16:37.408: [INFO][Sync] Reset engine, reason: 0
2025-07-19 21:22:08.052: [INFO][Sync] Reset engine, reason: 8
2025-07-19 21:22:08.052: [INFO][Sync] Stopped: Bookmarks
2025-07-19 21:22:08.052: [INFO][Sync] Stopped: Preferences
2025-07-19 21:22:08.052: [INFO][Sync] Stopped: Passwords
2025-07-19 21:22:08.052: [INFO][Sync] Stopped: Autofill Profiles
2025-07-19 21:22:08.052: [INFO][Sync] Stopped: Autofill
2025-07-19 21:22:08.052: [INFO][Sync] Stopped: Extensions
2025-07-19 21:22:08.052: [INFO][Sync] Stopped: Sessions
2025-07-19 21:22:08.052: [INFO][Sync] Stopped: Extension settings
2025-07-19 21:22:08.052: [INFO][Sync] Stopped: History Delete Directives
2025-07-19 21:22:08.052: [INFO][Sync] Stopped: Device Info
2025-07-19 21:22:08.052: [INFO][Sync] Stopped: User Consents
2025-07-19 21:22:08.052: [INFO][Sync] Stopped: Send Tab To Self
2025-07-19 21:22:08.052: [INFO][Sync] Stopped: Web Apps
2025-07-19 21:22:08.052: [INFO][Sync] Stopped: History
2025-07-19 21:22:08.052: [INFO][Sync] Stopped: Saved Tab Group
2025-07-19 21:22:08.052: [INFO][Sync] Stopped: WebAuthn Credentials
2025-07-19 21:22:08.052: [INFO][Sync] Stopped: Collection
2025-07-19 21:22:08.052: [INFO][Sync] Stopped: Edge E Drop
2025-07-19 21:22:08.052: [INFO][Sync] Stopped: Edge Hub App Usage
2025-07-19 21:22:08.052: [INFO][Sync] Stopped: Edge Wallet
2025-07-19 21:22:08.052: [INFO][Sync] SyncState after authenticated was: NotSignedIn
2025-07-19 21:22:08.298: [INFO][Sync] Reset engine, reason: 8
2025-07-19 21:22:08.298: [INFO][Sync] Stopped: Bookmarks
2025-07-19 21:22:08.298: [INFO][Sync] Stopped: Preferences
2025-07-19 21:22:08.298: [INFO][Sync] Stopped: Passwords
2025-07-19 21:22:08.299: [INFO][Sync] Stopped: Autofill Profiles
2025-07-19 21:22:08.299: [INFO][Sync] Stopped: Autofill
2025-07-19 21:22:08.299: [INFO][Sync] Stopped: Extensions
2025-07-19 21:22:08.299: [INFO][Sync] Stopped: Sessions
2025-07-19 21:22:08.299: [INFO][Sync] Stopped: Extension settings
2025-07-19 21:22:08.299: [INFO][Sync] Stopped: History Delete Directives
2025-07-19 21:22:08.299: [INFO][Sync] Stopped: Device Info
2025-07-19 21:22:08.299: [INFO][Sync] Stopped: User Consents
2025-07-19 21:22:08.299: [INFO][Sync] Stopped: Send Tab To Self
2025-07-19 21:22:08.299: [INFO][Sync] Stopped: Web Apps
2025-07-19 21:22:08.299: [INFO][Sync] Stopped: History
2025-07-19 21:22:08.299: [INFO][Sync] Stopped: Saved Tab Group
2025-07-19 21:22:08.299: [INFO][Sync] Stopped: WebAuthn Credentials
2025-07-19 21:22:08.299: [INFO][Sync] Stopped: Collection
2025-07-19 21:22:08.299: [INFO][Sync] Stopped: Edge E Drop
2025-07-19 21:22:08.299: [INFO][Sync] Stopped: Edge Hub App Usage
2025-07-19 21:22:08.299: [INFO][Sync] Stopped: Edge Wallet
2025-07-19 22:07:25.673: [INFO][Sync] Reset engine, reason: 0
2025-07-20 10:59:33.113: [INFO][Sync] Reset engine, reason: 8
2025-07-20 10:59:33.113: [INFO][Sync] Stopped: Bookmarks
2025-07-20 10:59:33.113: [INFO][Sync] Stopped: Preferences
2025-07-20 10:59:33.113: [INFO][Sync] Stopped: Passwords
2025-07-20 10:59:33.113: [INFO][Sync] Stopped: Autofill Profiles
2025-07-20 10:59:33.113: [INFO][Sync] Stopped: Autofill
2025-07-20 10:59:33.113: [INFO][Sync] Stopped: Extensions
2025-07-20 10:59:33.113: [INFO][Sync] Stopped: Sessions
2025-07-20 10:59:33.113: [INFO][Sync] Stopped: Extension settings
2025-07-20 10:59:33.113: [INFO][Sync] Stopped: History Delete Directives
2025-07-20 10:59:33.113: [INFO][Sync] Stopped: Device Info
2025-07-20 10:59:33.113: [INFO][Sync] Stopped: User Consents
2025-07-20 10:59:33.113: [INFO][Sync] Stopped: Send Tab To Self
2025-07-20 10:59:33.113: [INFO][Sync] Stopped: Web Apps
2025-07-20 10:59:33.113: [INFO][Sync] Stopped: History
2025-07-20 10:59:33.113: [INFO][Sync] Stopped: Saved Tab Group
2025-07-20 10:59:33.113: [INFO][Sync] Stopped: WebAuthn Credentials
2025-07-20 10:59:33.113: [INFO][Sync] Stopped: Collection
2025-07-20 10:59:33.113: [INFO][Sync] Stopped: Edge E Drop
2025-07-20 10:59:33.113: [INFO][Sync] Stopped: Edge Hub App Usage
2025-07-20 10:59:33.113: [INFO][Sync] Stopped: Edge Wallet
2025-07-20 10:59:33.114: [INFO][Sync] SyncState after authenticated was: NotSignedIn
2025-07-20 10:59:33.918: [INFO][Sync] Reset engine, reason: 8
2025-07-20 10:59:33.918: [INFO][Sync] Stopped: Bookmarks
2025-07-20 10:59:33.918: [INFO][Sync] Stopped: Preferences
2025-07-20 10:59:33.918: [INFO][Sync] Stopped: Passwords
2025-07-20 10:59:33.918: [INFO][Sync] Stopped: Autofill Profiles
2025-07-20 10:59:33.918: [INFO][Sync] Stopped: Autofill
2025-07-20 10:59:33.918: [INFO][Sync] Stopped: Extensions
2025-07-20 10:59:33.918: [INFO][Sync] Stopped: Sessions
2025-07-20 10:59:33.918: [INFO][Sync] Stopped: Extension settings
2025-07-20 10:59:33.918: [INFO][Sync] Stopped: History Delete Directives
2025-07-20 10:59:33.918: [INFO][Sync] Stopped: Device Info
2025-07-20 10:59:33.918: [INFO][Sync] Stopped: User Consents
2025-07-20 10:59:33.918: [INFO][Sync] Stopped: Send Tab To Self
2025-07-20 10:59:33.918: [INFO][Sync] Stopped: Web Apps
2025-07-20 10:59:33.918: [INFO][Sync] Stopped: History
2025-07-20 10:59:33.918: [INFO][Sync] Stopped: Saved Tab Group
2025-07-20 10:59:33.918: [INFO][Sync] Stopped: WebAuthn Credentials
2025-07-20 10:59:33.918: [INFO][Sync] Stopped: Collection
2025-07-20 10:59:33.918: [INFO][Sync] Stopped: Edge E Drop
2025-07-20 10:59:33.918: [INFO][Sync] Stopped: Edge Hub App Usage
2025-07-20 10:59:33.918: [INFO][Sync] Stopped: Edge Wallet
2025-07-20 11:03:32.268: [INFO][Sync] Reset engine, reason: 0
2025-07-20 11:03:59.302: [INFO][Sync] Reset engine, reason: 8
2025-07-20 11:03:59.302: [INFO][Sync] Stopped: Bookmarks
2025-07-20 11:03:59.302: [INFO][Sync] Stopped: Preferences
2025-07-20 11:03:59.302: [INFO][Sync] Stopped: Passwords
2025-07-20 11:03:59.302: [INFO][Sync] Stopped: Autofill Profiles
2025-07-20 11:03:59.302: [INFO][Sync] Stopped: Autofill
2025-07-20 11:03:59.302: [INFO][Sync] Stopped: Extensions
2025-07-20 11:03:59.302: [INFO][Sync] Stopped: Sessions
2025-07-20 11:03:59.302: [INFO][Sync] Stopped: Extension settings
2025-07-20 11:03:59.302: [INFO][Sync] Stopped: History Delete Directives
2025-07-20 11:03:59.302: [INFO][Sync] Stopped: Device Info
2025-07-20 11:03:59.302: [INFO][Sync] Stopped: User Consents
2025-07-20 11:03:59.302: [INFO][Sync] Stopped: Send Tab To Self
2025-07-20 11:03:59.302: [INFO][Sync] Stopped: Web Apps
2025-07-20 11:03:59.302: [INFO][Sync] Stopped: History
2025-07-20 11:03:59.302: [INFO][Sync] Stopped: Saved Tab Group
2025-07-20 11:03:59.302: [INFO][Sync] Stopped: WebAuthn Credentials
2025-07-20 11:03:59.302: [INFO][Sync] Stopped: Collection
2025-07-20 11:03:59.302: [INFO][Sync] Stopped: Edge E Drop
2025-07-20 11:03:59.303: [INFO][Sync] Stopped: Edge Hub App Usage
2025-07-20 11:03:59.303: [INFO][Sync] Stopped: Edge Wallet
2025-07-20 11:03:59.303: [INFO][Sync] SyncState after authenticated was: NotSignedIn
2025-07-20 11:03:59.776: [INFO][Sync] Reset engine, reason: 8
2025-07-20 11:03:59.776: [INFO][Sync] Stopped: Bookmarks
2025-07-20 11:03:59.776: [INFO][Sync] Stopped: Preferences
2025-07-20 11:03:59.776: [INFO][Sync] Stopped: Passwords
2025-07-20 11:03:59.776: [INFO][Sync] Stopped: Autofill Profiles
2025-07-20 11:03:59.776: [INFO][Sync] Stopped: Autofill
2025-07-20 11:03:59.777: [INFO][Sync] Stopped: Extensions
2025-07-20 11:03:59.777: [INFO][Sync] Stopped: Sessions
2025-07-20 11:03:59.777: [INFO][Sync] Stopped: Extension settings
2025-07-20 11:03:59.777: [INFO][Sync] Stopped: History Delete Directives
2025-07-20 11:03:59.777: [INFO][Sync] Stopped: Device Info
2025-07-20 11:03:59.777: [INFO][Sync] Stopped: User Consents
2025-07-20 11:03:59.777: [INFO][Sync] Stopped: Send Tab To Self
2025-07-20 11:03:59.777: [INFO][Sync] Stopped: Web Apps
2025-07-20 11:03:59.777: [INFO][Sync] Stopped: History
2025-07-20 11:03:59.777: [INFO][Sync] Stopped: Saved Tab Group
2025-07-20 11:03:59.777: [INFO][Sync] Stopped: WebAuthn Credentials
2025-07-20 11:03:59.777: [INFO][Sync] Stopped: Collection
2025-07-20 11:03:59.777: [INFO][Sync] Stopped: Edge E Drop
2025-07-20 11:03:59.777: [INFO][Sync] Stopped: Edge Hub App Usage
2025-07-20 11:03:59.777: [INFO][Sync] Stopped: Edge Wallet
2025-07-20 11:04:55.269: [INFO][Sync] Reset engine, reason: 0
2025-07-20 11:05:45.323: [INFO][Sync] Reset engine, reason: 8
2025-07-20 11:05:45.323: [INFO][Sync] Stopped: Bookmarks
2025-07-20 11:05:45.323: [INFO][Sync] Stopped: Preferences
2025-07-20 11:05:45.323: [INFO][Sync] Stopped: Passwords
2025-07-20 11:05:45.323: [INFO][Sync] Stopped: Autofill Profiles
2025-07-20 11:05:45.323: [INFO][Sync] Stopped: Autofill
2025-07-20 11:05:45.323: [INFO][Sync] Stopped: Extensions
2025-07-20 11:05:45.323: [INFO][Sync] Stopped: Sessions
2025-07-20 11:05:45.323: [INFO][Sync] Stopped: Extension settings
2025-07-20 11:05:45.323: [INFO][Sync] Stopped: History Delete Directives
2025-07-20 11:05:45.323: [INFO][Sync] Stopped: Device Info
2025-07-20 11:05:45.323: [INFO][Sync] Stopped: User Consents
2025-07-20 11:05:45.323: [INFO][Sync] Stopped: Send Tab To Self
2025-07-20 11:05:45.323: [INFO][Sync] Stopped: Web Apps
2025-07-20 11:05:45.323: [INFO][Sync] Stopped: History
2025-07-20 11:05:45.323: [INFO][Sync] Stopped: Saved Tab Group
2025-07-20 11:05:45.323: [INFO][Sync] Stopped: WebAuthn Credentials
2025-07-20 11:05:45.323: [INFO][Sync] Stopped: Collection
2025-07-20 11:05:45.323: [INFO][Sync] Stopped: Edge E Drop
2025-07-20 11:05:45.323: [INFO][Sync] Stopped: Edge Hub App Usage
2025-07-20 11:05:45.323: [INFO][Sync] Stopped: Edge Wallet
2025-07-20 11:05:45.323: [INFO][Sync] SyncState after authenticated was: NotSignedIn
2025-07-20 11:05:45.507: [INFO][Sync] Reset engine, reason: 8
2025-07-20 11:05:45.507: [INFO][Sync] Stopped: Bookmarks
2025-07-20 11:05:45.507: [INFO][Sync] Stopped: Preferences
2025-07-20 11:05:45.507: [INFO][Sync] Stopped: Passwords
2025-07-20 11:05:45.507: [INFO][Sync] Stopped: Autofill Profiles
2025-07-20 11:05:45.507: [INFO][Sync] Stopped: Autofill
2025-07-20 11:05:45.507: [INFO][Sync] Stopped: Extensions
2025-07-20 11:05:45.507: [INFO][Sync] Stopped: Sessions
2025-07-20 11:05:45.507: [INFO][Sync] Stopped: Extension settings
2025-07-20 11:05:45.507: [INFO][Sync] Stopped: History Delete Directives
2025-07-20 11:05:45.507: [INFO][Sync] Stopped: Device Info
2025-07-20 11:05:45.507: [INFO][Sync] Stopped: User Consents
2025-07-20 11:05:45.507: [INFO][Sync] Stopped: Send Tab To Self
2025-07-20 11:05:45.507: [INFO][Sync] Stopped: Web Apps
2025-07-20 11:05:45.507: [INFO][Sync] Stopped: History
2025-07-20 11:05:45.507: [INFO][Sync] Stopped: Saved Tab Group
2025-07-20 11:05:45.507: [INFO][Sync] Stopped: WebAuthn Credentials
2025-07-20 11:05:45.507: [INFO][Sync] Stopped: Collection
2025-07-20 11:05:45.507: [INFO][Sync] Stopped: Edge E Drop
2025-07-20 11:05:45.507: [INFO][Sync] Stopped: Edge Hub App Usage
2025-07-20 11:05:45.507: [INFO][Sync] Stopped: Edge Wallet
2025-07-20 11:07:23.446: [INFO][Sync] Reset engine, reason: 0
2025-07-20 11:08:26.549: [INFO][Sync] Reset engine, reason: 8
2025-07-20 11:08:26.549: [INFO][Sync] Stopped: Bookmarks
2025-07-20 11:08:26.549: [INFO][Sync] Stopped: Preferences
2025-07-20 11:08:26.549: [INFO][Sync] Stopped: Passwords
2025-07-20 11:08:26.549: [INFO][Sync] Stopped: Autofill Profiles
2025-07-20 11:08:26.549: [INFO][Sync] Stopped: Autofill
2025-07-20 11:08:26.549: [INFO][Sync] Stopped: Extensions
2025-07-20 11:08:26.549: [INFO][Sync] Stopped: Sessions
2025-07-20 11:08:26.549: [INFO][Sync] Stopped: Extension settings
2025-07-20 11:08:26.549: [INFO][Sync] Stopped: History Delete Directives
2025-07-20 11:08:26.549: [INFO][Sync] Stopped: Device Info
2025-07-20 11:08:26.549: [INFO][Sync] Stopped: User Consents
2025-07-20 11:08:26.549: [INFO][Sync] Stopped: Send Tab To Self
2025-07-20 11:08:26.549: [INFO][Sync] Stopped: Web Apps
2025-07-20 11:08:26.549: [INFO][Sync] Stopped: History
2025-07-20 11:08:26.549: [INFO][Sync] Stopped: Saved Tab Group
2025-07-20 11:08:26.549: [INFO][Sync] Stopped: WebAuthn Credentials
2025-07-20 11:08:26.549: [INFO][Sync] Stopped: Collection
2025-07-20 11:08:26.549: [INFO][Sync] Stopped: Edge E Drop
2025-07-20 11:08:26.549: [INFO][Sync] Stopped: Edge Hub App Usage
2025-07-20 11:08:26.549: [INFO][Sync] Stopped: Edge Wallet
2025-07-20 11:08:26.549: [INFO][Sync] SyncState after authenticated was: NotSignedIn
2025-07-20 11:08:26.802: [INFO][Sync] Reset engine, reason: 8
2025-07-20 11:08:26.802: [INFO][Sync] Stopped: Bookmarks
2025-07-20 11:08:26.802: [INFO][Sync] Stopped: Preferences
2025-07-20 11:08:26.802: [INFO][Sync] Stopped: Passwords
2025-07-20 11:08:26.802: [INFO][Sync] Stopped: Autofill Profiles
2025-07-20 11:08:26.802: [INFO][Sync] Stopped: Autofill
2025-07-20 11:08:26.802: [INFO][Sync] Stopped: Extensions
2025-07-20 11:08:26.802: [INFO][Sync] Stopped: Sessions
2025-07-20 11:08:26.802: [INFO][Sync] Stopped: Extension settings
2025-07-20 11:08:26.802: [INFO][Sync] Stopped: History Delete Directives
2025-07-20 11:08:26.802: [INFO][Sync] Stopped: Device Info
2025-07-20 11:08:26.802: [INFO][Sync] Stopped: User Consents
2025-07-20 11:08:26.802: [INFO][Sync] Stopped: Send Tab To Self
2025-07-20 11:08:26.802: [INFO][Sync] Stopped: Web Apps
2025-07-20 11:08:26.802: [INFO][Sync] Stopped: History
2025-07-20 11:08:26.802: [INFO][Sync] Stopped: Saved Tab Group
2025-07-20 11:08:26.802: [INFO][Sync] Stopped: WebAuthn Credentials
2025-07-20 11:08:26.802: [INFO][Sync] Stopped: Collection
2025-07-20 11:08:26.802: [INFO][Sync] Stopped: Edge E Drop
2025-07-20 11:08:26.802: [INFO][Sync] Stopped: Edge Hub App Usage
2025-07-20 11:08:26.802: [INFO][Sync] Stopped: Edge Wallet
2025-07-20 11:09:27.062: [INFO][Sync] Reset engine, reason: 0
2025-07-20 11:10:51.603: [INFO][Sync] Reset engine, reason: 8
2025-07-20 11:10:51.603: [INFO][Sync] Stopped: Bookmarks
2025-07-20 11:10:51.603: [INFO][Sync] Stopped: Preferences
2025-07-20 11:10:51.603: [INFO][Sync] Stopped: Passwords
2025-07-20 11:10:51.603: [INFO][Sync] Stopped: Autofill Profiles
2025-07-20 11:10:51.603: [INFO][Sync] Stopped: Autofill
2025-07-20 11:10:51.603: [INFO][Sync] Stopped: Extensions
2025-07-20 11:10:51.603: [INFO][Sync] Stopped: Sessions
2025-07-20 11:10:51.603: [INFO][Sync] Stopped: Extension settings
2025-07-20 11:10:51.603: [INFO][Sync] Stopped: History Delete Directives
2025-07-20 11:10:51.603: [INFO][Sync] Stopped: Device Info
2025-07-20 11:10:51.603: [INFO][Sync] Stopped: User Consents
2025-07-20 11:10:51.603: [INFO][Sync] Stopped: Send Tab To Self
2025-07-20 11:10:51.603: [INFO][Sync] Stopped: Web Apps
2025-07-20 11:10:51.603: [INFO][Sync] Stopped: History
2025-07-20 11:10:51.603: [INFO][Sync] Stopped: Saved Tab Group
2025-07-20 11:10:51.603: [INFO][Sync] Stopped: WebAuthn Credentials
2025-07-20 11:10:51.603: [INFO][Sync] Stopped: Collection
2025-07-20 11:10:51.603: [INFO][Sync] Stopped: Edge E Drop
2025-07-20 11:10:51.603: [INFO][Sync] Stopped: Edge Hub App Usage
2025-07-20 11:10:51.603: [INFO][Sync] Stopped: Edge Wallet
2025-07-20 11:10:51.603: [INFO][Sync] SyncState after authenticated was: NotSignedIn
2025-07-20 11:10:51.834: [INFO][Sync] Reset engine, reason: 8
2025-07-20 11:10:51.834: [INFO][Sync] Stopped: Bookmarks
2025-07-20 11:10:51.834: [INFO][Sync] Stopped: Preferences
2025-07-20 11:10:51.834: [INFO][Sync] Stopped: Passwords
2025-07-20 11:10:51.834: [INFO][Sync] Stopped: Autofill Profiles
2025-07-20 11:10:51.834: [INFO][Sync] Stopped: Autofill
2025-07-20 11:10:51.834: [INFO][Sync] Stopped: Extensions
2025-07-20 11:10:51.834: [INFO][Sync] Stopped: Sessions
2025-07-20 11:10:51.834: [INFO][Sync] Stopped: Extension settings
2025-07-20 11:10:51.834: [INFO][Sync] Stopped: History Delete Directives
2025-07-20 11:10:51.834: [INFO][Sync] Stopped: Device Info
2025-07-20 11:10:51.834: [INFO][Sync] Stopped: User Consents
2025-07-20 11:10:51.834: [INFO][Sync] Stopped: Send Tab To Self
2025-07-20 11:10:51.834: [INFO][Sync] Stopped: Web Apps
2025-07-20 11:10:51.834: [INFO][Sync] Stopped: History
2025-07-20 11:10:51.834: [INFO][Sync] Stopped: Saved Tab Group
2025-07-20 11:10:51.834: [INFO][Sync] Stopped: WebAuthn Credentials
2025-07-20 11:10:51.834: [INFO][Sync] Stopped: Collection
2025-07-20 11:10:51.834: [INFO][Sync] Stopped: Edge E Drop
2025-07-20 11:10:51.834: [INFO][Sync] Stopped: Edge Hub App Usage
2025-07-20 11:10:51.834: [INFO][Sync] Stopped: Edge Wallet
2025-07-20 11:13:18.326: [INFO][Sync] Reset engine, reason: 0
2025-07-20 11:26:45.606: [INFO][Sync] Reset engine, reason: 8
2025-07-20 11:26:45.606: [INFO][Sync] Stopped: Bookmarks
2025-07-20 11:26:45.606: [INFO][Sync] Stopped: Preferences
2025-07-20 11:26:45.606: [INFO][Sync] Stopped: Passwords
2025-07-20 11:26:45.606: [INFO][Sync] Stopped: Autofill Profiles
2025-07-20 11:26:45.606: [INFO][Sync] Stopped: Autofill
2025-07-20 11:26:45.606: [INFO][Sync] Stopped: Extensions
2025-07-20 11:26:45.606: [INFO][Sync] Stopped: Sessions
2025-07-20 11:26:45.606: [INFO][Sync] Stopped: Extension settings
2025-07-20 11:26:45.606: [INFO][Sync] Stopped: History Delete Directives
2025-07-20 11:26:45.606: [INFO][Sync] Stopped: Device Info
2025-07-20 11:26:45.606: [INFO][Sync] Stopped: User Consents
2025-07-20 11:26:45.606: [INFO][Sync] Stopped: Send Tab To Self
2025-07-20 11:26:45.606: [INFO][Sync] Stopped: Web Apps
2025-07-20 11:26:45.606: [INFO][Sync] Stopped: History
2025-07-20 11:26:45.606: [INFO][Sync] Stopped: Saved Tab Group
2025-07-20 11:26:45.606: [INFO][Sync] Stopped: WebAuthn Credentials
2025-07-20 11:26:45.606: [INFO][Sync] Stopped: Collection
2025-07-20 11:26:45.606: [INFO][Sync] Stopped: Edge E Drop
2025-07-20 11:26:45.606: [INFO][Sync] Stopped: Edge Hub App Usage
2025-07-20 11:26:45.606: [INFO][Sync] Stopped: Edge Wallet
2025-07-20 11:26:45.606: [INFO][Sync] SyncState after authenticated was: NotSignedIn
2025-07-20 11:26:45.945: [INFO][Sync] Reset engine, reason: 8
2025-07-20 11:26:45.945: [INFO][Sync] Stopped: Bookmarks
2025-07-20 11:26:45.945: [INFO][Sync] Stopped: Preferences
2025-07-20 11:26:45.945: [INFO][Sync] Stopped: Passwords
2025-07-20 11:26:45.945: [INFO][Sync] Stopped: Autofill Profiles
2025-07-20 11:26:45.945: [INFO][Sync] Stopped: Autofill
2025-07-20 11:26:45.945: [INFO][Sync] Stopped: Extensions
2025-07-20 11:26:45.945: [INFO][Sync] Stopped: Sessions
2025-07-20 11:26:45.945: [INFO][Sync] Stopped: Extension settings
2025-07-20 11:26:45.945: [INFO][Sync] Stopped: History Delete Directives
2025-07-20 11:26:45.945: [INFO][Sync] Stopped: Device Info
2025-07-20 11:26:45.945: [INFO][Sync] Stopped: User Consents
2025-07-20 11:26:45.945: [INFO][Sync] Stopped: Send Tab To Self
2025-07-20 11:26:45.945: [INFO][Sync] Stopped: Web Apps
2025-07-20 11:26:45.945: [INFO][Sync] Stopped: History
2025-07-20 11:26:45.945: [INFO][Sync] Stopped: Saved Tab Group
2025-07-20 11:26:45.945: [INFO][Sync] Stopped: WebAuthn Credentials
2025-07-20 11:26:45.945: [INFO][Sync] Stopped: Collection
2025-07-20 11:26:45.945: [INFO][Sync] Stopped: Edge E Drop
2025-07-20 11:26:45.945: [INFO][Sync] Stopped: Edge Hub App Usage
2025-07-20 11:26:45.945: [INFO][Sync] Stopped: Edge Wallet
2025-07-20 11:27:23.072: [INFO][Sync] Reset engine, reason: 0
2025-07-20 11:28:27.529: [INFO][Sync] Reset engine, reason: 8
2025-07-20 11:28:27.529: [INFO][Sync] Stopped: Bookmarks
2025-07-20 11:28:27.529: [INFO][Sync] Stopped: Preferences
2025-07-20 11:28:27.529: [INFO][Sync] Stopped: Passwords
2025-07-20 11:28:27.529: [INFO][Sync] Stopped: Autofill Profiles
2025-07-20 11:28:27.529: [INFO][Sync] Stopped: Autofill
2025-07-20 11:28:27.529: [INFO][Sync] Stopped: Extensions
2025-07-20 11:28:27.529: [INFO][Sync] Stopped: Sessions
2025-07-20 11:28:27.529: [INFO][Sync] Stopped: Extension settings
2025-07-20 11:28:27.529: [INFO][Sync] Stopped: History Delete Directives
2025-07-20 11:28:27.529: [INFO][Sync] Stopped: Device Info
2025-07-20 11:28:27.529: [INFO][Sync] Stopped: User Consents
2025-07-20 11:28:27.529: [INFO][Sync] Stopped: Send Tab To Self
2025-07-20 11:28:27.529: [INFO][Sync] Stopped: Web Apps
2025-07-20 11:28:27.529: [INFO][Sync] Stopped: History
2025-07-20 11:28:27.529: [INFO][Sync] Stopped: Saved Tab Group
2025-07-20 11:28:27.529: [INFO][Sync] Stopped: WebAuthn Credentials
2025-07-20 11:28:27.529: [INFO][Sync] Stopped: Collection
2025-07-20 11:28:27.529: [INFO][Sync] Stopped: Edge E Drop
2025-07-20 11:28:27.529: [INFO][Sync] Stopped: Edge Hub App Usage
2025-07-20 11:28:27.529: [INFO][Sync] Stopped: Edge Wallet
2025-07-20 11:28:27.529: [INFO][Sync] SyncState after authenticated was: NotSignedIn
2025-07-20 11:28:27.773: [INFO][Sync] Reset engine, reason: 8
2025-07-20 11:28:27.773: [INFO][Sync] Stopped: Bookmarks
2025-07-20 11:28:27.773: [INFO][Sync] Stopped: Preferences
2025-07-20 11:28:27.773: [INFO][Sync] Stopped: Passwords
2025-07-20 11:28:27.773: [INFO][Sync] Stopped: Autofill Profiles
2025-07-20 11:28:27.773: [INFO][Sync] Stopped: Autofill
2025-07-20 11:28:27.773: [INFO][Sync] Stopped: Extensions
2025-07-20 11:28:27.773: [INFO][Sync] Stopped: Sessions
2025-07-20 11:28:27.773: [INFO][Sync] Stopped: Extension settings
2025-07-20 11:28:27.773: [INFO][Sync] Stopped: History Delete Directives
2025-07-20 11:28:27.773: [INFO][Sync] Stopped: Device Info
2025-07-20 11:28:27.773: [INFO][Sync] Stopped: User Consents
2025-07-20 11:28:27.773: [INFO][Sync] Stopped: Send Tab To Self
2025-07-20 11:28:27.773: [INFO][Sync] Stopped: Web Apps
2025-07-20 11:28:27.773: [INFO][Sync] Stopped: History
2025-07-20 11:28:27.773: [INFO][Sync] Stopped: Saved Tab Group
2025-07-20 11:28:27.773: [INFO][Sync] Stopped: WebAuthn Credentials
2025-07-20 11:28:27.773: [INFO][Sync] Stopped: Collection
2025-07-20 11:28:27.773: [INFO][Sync] Stopped: Edge E Drop
2025-07-20 11:28:27.773: [INFO][Sync] Stopped: Edge Hub App Usage
2025-07-20 11:28:27.773: [INFO][Sync] Stopped: Edge Wallet
2025-07-20 13:16:53.557: [INFO][Sync] Reset engine, reason: 0
2025-07-20 13:17:55.488: [INFO][Sync] Reset engine, reason: 8
2025-07-20 13:17:55.488: [INFO][Sync] Stopped: Bookmarks
2025-07-20 13:17:55.488: [INFO][Sync] Stopped: Preferences
2025-07-20 13:17:55.488: [INFO][Sync] Stopped: Passwords
2025-07-20 13:17:55.488: [INFO][Sync] Stopped: Autofill Profiles
2025-07-20 13:17:55.488: [INFO][Sync] Stopped: Autofill
2025-07-20 13:17:55.488: [INFO][Sync] Stopped: Extensions
2025-07-20 13:17:55.488: [INFO][Sync] Stopped: Sessions
2025-07-20 13:17:55.488: [INFO][Sync] Stopped: Extension settings
2025-07-20 13:17:55.488: [INFO][Sync] Stopped: History Delete Directives
2025-07-20 13:17:55.488: [INFO][Sync] Stopped: Device Info
2025-07-20 13:17:55.488: [INFO][Sync] Stopped: User Consents
2025-07-20 13:17:55.488: [INFO][Sync] Stopped: Send Tab To Self
2025-07-20 13:17:55.488: [INFO][Sync] Stopped: Web Apps
2025-07-20 13:17:55.488: [INFO][Sync] Stopped: History
2025-07-20 13:17:55.488: [INFO][Sync] Stopped: Saved Tab Group
2025-07-20 13:17:55.488: [INFO][Sync] Stopped: WebAuthn Credentials
2025-07-20 13:17:55.488: [INFO][Sync] Stopped: Collection
2025-07-20 13:17:55.488: [INFO][Sync] Stopped: Edge E Drop
2025-07-20 13:17:55.488: [INFO][Sync] Stopped: Edge Hub App Usage
2025-07-20 13:17:55.488: [INFO][Sync] Stopped: Edge Wallet
2025-07-20 13:17:55.488: [INFO][Sync] SyncState after authenticated was: NotSignedIn
2025-07-20 13:17:55.766: [INFO][Sync] Reset engine, reason: 8
2025-07-20 13:17:55.766: [INFO][Sync] Stopped: Bookmarks
2025-07-20 13:17:55.766: [INFO][Sync] Stopped: Preferences
2025-07-20 13:17:55.766: [INFO][Sync] Stopped: Passwords
2025-07-20 13:17:55.766: [INFO][Sync] Stopped: Autofill Profiles
2025-07-20 13:17:55.766: [INFO][Sync] Stopped: Autofill
2025-07-20 13:17:55.766: [INFO][Sync] Stopped: Extensions
2025-07-20 13:17:55.766: [INFO][Sync] Stopped: Sessions
2025-07-20 13:17:55.766: [INFO][Sync] Stopped: Extension settings
2025-07-20 13:17:55.766: [INFO][Sync] Stopped: History Delete Directives
2025-07-20 13:17:55.766: [INFO][Sync] Stopped: Device Info
2025-07-20 13:17:55.766: [INFO][Sync] Stopped: User Consents
2025-07-20 13:17:55.766: [INFO][Sync] Stopped: Send Tab To Self
2025-07-20 13:17:55.766: [INFO][Sync] Stopped: Web Apps
2025-07-20 13:17:55.766: [INFO][Sync] Stopped: History
2025-07-20 13:17:55.766: [INFO][Sync] Stopped: Saved Tab Group
2025-07-20 13:17:55.766: [INFO][Sync] Stopped: WebAuthn Credentials
2025-07-20 13:17:55.766: [INFO][Sync] Stopped: Collection
2025-07-20 13:17:55.766: [INFO][Sync] Stopped: Edge E Drop
2025-07-20 13:17:55.766: [INFO][Sync] Stopped: Edge Hub App Usage
2025-07-20 13:17:55.766: [INFO][Sync] Stopped: Edge Wallet
2025-07-20 17:04:29.010: [INFO][Sync] Reset engine, reason: 0
2025-07-20 17:21:36.074: [INFO][Sync] Reset engine, reason: 8
2025-07-20 17:21:36.074: [INFO][Sync] Stopped: Bookmarks
2025-07-20 17:21:36.074: [INFO][Sync] Stopped: Preferences
2025-07-20 17:21:36.074: [INFO][Sync] Stopped: Passwords
2025-07-20 17:21:36.074: [INFO][Sync] Stopped: Autofill Profiles
2025-07-20 17:21:36.075: [INFO][Sync] Stopped: Autofill
2025-07-20 17:21:36.075: [INFO][Sync] Stopped: Extensions
2025-07-20 17:21:36.075: [INFO][Sync] Stopped: Sessions
2025-07-20 17:21:36.075: [INFO][Sync] Stopped: Extension settings
2025-07-20 17:21:36.075: [INFO][Sync] Stopped: History Delete Directives
2025-07-20 17:21:36.075: [INFO][Sync] Stopped: Device Info
2025-07-20 17:21:36.075: [INFO][Sync] Stopped: User Consents
2025-07-20 17:21:36.075: [INFO][Sync] Stopped: Send Tab To Self
2025-07-20 17:21:36.075: [INFO][Sync] Stopped: Web Apps
2025-07-20 17:21:36.075: [INFO][Sync] Stopped: History
2025-07-20 17:21:36.075: [INFO][Sync] Stopped: Saved Tab Group
2025-07-20 17:21:36.075: [INFO][Sync] Stopped: WebAuthn Credentials
2025-07-20 17:21:36.075: [INFO][Sync] Stopped: Collection
2025-07-20 17:21:36.075: [INFO][Sync] Stopped: Edge E Drop
2025-07-20 17:21:36.075: [INFO][Sync] Stopped: Edge Hub App Usage
2025-07-20 17:21:36.075: [INFO][Sync] Stopped: Edge Wallet
2025-07-20 17:21:36.075: [INFO][Sync] SyncState after authenticated was: NotSignedIn
2025-07-20 17:21:36.373: [INFO][Sync] Reset engine, reason: 8
2025-07-20 17:21:36.373: [INFO][Sync] Stopped: Bookmarks
2025-07-20 17:21:36.373: [INFO][Sync] Stopped: Preferences
2025-07-20 17:21:36.373: [INFO][Sync] Stopped: Passwords
2025-07-20 17:21:36.373: [INFO][Sync] Stopped: Autofill Profiles
2025-07-20 17:21:36.373: [INFO][Sync] Stopped: Autofill
2025-07-20 17:21:36.373: [INFO][Sync] Stopped: Extensions
2025-07-20 17:21:36.373: [INFO][Sync] Stopped: Sessions
2025-07-20 17:21:36.373: [INFO][Sync] Stopped: Extension settings
2025-07-20 17:21:36.373: [INFO][Sync] Stopped: History Delete Directives
2025-07-20 17:21:36.373: [INFO][Sync] Stopped: Device Info
2025-07-20 17:21:36.373: [INFO][Sync] Stopped: User Consents
2025-07-20 17:21:36.373: [INFO][Sync] Stopped: Send Tab To Self
2025-07-20 17:21:36.373: [INFO][Sync] Stopped: Web Apps
2025-07-20 17:21:36.373: [INFO][Sync] Stopped: History
2025-07-20 17:21:36.373: [INFO][Sync] Stopped: Saved Tab Group
2025-07-20 17:21:36.373: [INFO][Sync] Stopped: WebAuthn Credentials
2025-07-20 17:21:36.373: [INFO][Sync] Stopped: Collection
2025-07-20 17:21:36.373: [INFO][Sync] Stopped: Edge E Drop
2025-07-20 17:21:36.373: [INFO][Sync] Stopped: Edge Hub App Usage
2025-07-20 17:21:36.373: [INFO][Sync] Stopped: Edge Wallet
2025-07-20 17:29:14.880: [INFO][Sync] Reset engine, reason: 0
2025-07-20 17:30:08.071: [INFO][Sync] Reset engine, reason: 8
2025-07-20 17:30:08.071: [INFO][Sync] Stopped: Bookmarks
2025-07-20 17:30:08.071: [INFO][Sync] Stopped: Preferences
2025-07-20 17:30:08.071: [INFO][Sync] Stopped: Passwords
2025-07-20 17:30:08.071: [INFO][Sync] Stopped: Autofill Profiles
2025-07-20 17:30:08.071: [INFO][Sync] Stopped: Autofill
2025-07-20 17:30:08.071: [INFO][Sync] Stopped: Extensions
2025-07-20 17:30:08.071: [INFO][Sync] Stopped: Sessions
2025-07-20 17:30:08.071: [INFO][Sync] Stopped: Extension settings
2025-07-20 17:30:08.071: [INFO][Sync] Stopped: History Delete Directives
2025-07-20 17:30:08.071: [INFO][Sync] Stopped: Device Info
2025-07-20 17:30:08.071: [INFO][Sync] Stopped: User Consents
2025-07-20 17:30:08.071: [INFO][Sync] Stopped: Send Tab To Self
2025-07-20 17:30:08.071: [INFO][Sync] Stopped: Web Apps
2025-07-20 17:30:08.071: [INFO][Sync] Stopped: History
2025-07-20 17:30:08.071: [INFO][Sync] Stopped: Saved Tab Group
2025-07-20 17:30:08.071: [INFO][Sync] Stopped: WebAuthn Credentials
2025-07-20 17:30:08.071: [INFO][Sync] Stopped: Collection
2025-07-20 17:30:08.071: [INFO][Sync] Stopped: Edge E Drop
2025-07-20 17:30:08.071: [INFO][Sync] Stopped: Edge Hub App Usage
2025-07-20 17:30:08.071: [INFO][Sync] Stopped: Edge Wallet
2025-07-20 17:30:08.072: [INFO][Sync] SyncState after authenticated was: NotSignedIn
2025-07-20 17:30:08.349: [INFO][Sync] Reset engine, reason: 8
2025-07-20 17:30:08.350: [INFO][Sync] Stopped: Bookmarks
2025-07-20 17:30:08.350: [INFO][Sync] Stopped: Preferences
2025-07-20 17:30:08.350: [INFO][Sync] Stopped: Passwords
2025-07-20 17:30:08.350: [INFO][Sync] Stopped: Autofill Profiles
2025-07-20 17:30:08.350: [INFO][Sync] Stopped: Autofill
2025-07-20 17:30:08.350: [INFO][Sync] Stopped: Extensions
2025-07-20 17:30:08.350: [INFO][Sync] Stopped: Sessions
2025-07-20 17:30:08.350: [INFO][Sync] Stopped: Extension settings
2025-07-20 17:30:08.350: [INFO][Sync] Stopped: History Delete Directives
2025-07-20 17:30:08.350: [INFO][Sync] Stopped: Device Info
2025-07-20 17:30:08.350: [INFO][Sync] Stopped: User Consents
2025-07-20 17:30:08.350: [INFO][Sync] Stopped: Send Tab To Self
2025-07-20 17:30:08.350: [INFO][Sync] Stopped: Web Apps
2025-07-20 17:30:08.350: [INFO][Sync] Stopped: History
2025-07-20 17:30:08.350: [INFO][Sync] Stopped: Saved Tab Group
2025-07-20 17:30:08.350: [INFO][Sync] Stopped: WebAuthn Credentials
2025-07-20 17:30:08.350: [INFO][Sync] Stopped: Collection
2025-07-20 17:30:08.350: [INFO][Sync] Stopped: Edge E Drop
2025-07-20 17:30:08.350: [INFO][Sync] Stopped: Edge Hub App Usage
2025-07-20 17:30:08.350: [INFO][Sync] Stopped: Edge Wallet
2025-07-20 18:41:26.268: [INFO][Sync] Reset engine, reason: 0
2025-07-20 18:42:16.160: [INFO][Sync] Reset engine, reason: 8
2025-07-20 18:42:16.160: [INFO][Sync] Stopped: Bookmarks
2025-07-20 18:42:16.160: [INFO][Sync] Stopped: Preferences
2025-07-20 18:42:16.160: [INFO][Sync] Stopped: Passwords
2025-07-20 18:42:16.160: [INFO][Sync] Stopped: Autofill Profiles
2025-07-20 18:42:16.160: [INFO][Sync] Stopped: Autofill
2025-07-20 18:42:16.160: [INFO][Sync] Stopped: Extensions
2025-07-20 18:42:16.160: [INFO][Sync] Stopped: Sessions
2025-07-20 18:42:16.160: [INFO][Sync] Stopped: Extension settings
2025-07-20 18:42:16.160: [INFO][Sync] Stopped: History Delete Directives
2025-07-20 18:42:16.160: [INFO][Sync] Stopped: Device Info
2025-07-20 18:42:16.160: [INFO][Sync] Stopped: User Consents
2025-07-20 18:42:16.160: [INFO][Sync] Stopped: Send Tab To Self
2025-07-20 18:42:16.160: [INFO][Sync] Stopped: Web Apps
2025-07-20 18:42:16.160: [INFO][Sync] Stopped: History
2025-07-20 18:42:16.160: [INFO][Sync] Stopped: Saved Tab Group
2025-07-20 18:42:16.160: [INFO][Sync] Stopped: WebAuthn Credentials
2025-07-20 18:42:16.160: [INFO][Sync] Stopped: Collection
2025-07-20 18:42:16.160: [INFO][Sync] Stopped: Edge E Drop
2025-07-20 18:42:16.160: [INFO][Sync] Stopped: Edge Hub App Usage
2025-07-20 18:42:16.160: [INFO][Sync] Stopped: Edge Wallet
2025-07-20 18:42:16.160: [INFO][Sync] SyncState after authenticated was: NotSignedIn
2025-07-20 18:42:16.761: [INFO][Sync] Reset engine, reason: 8
2025-07-20 18:42:16.761: [INFO][Sync] Stopped: Bookmarks
2025-07-20 18:42:16.761: [INFO][Sync] Stopped: Preferences
2025-07-20 18:42:16.761: [INFO][Sync] Stopped: Passwords
2025-07-20 18:42:16.761: [INFO][Sync] Stopped: Autofill Profiles
2025-07-20 18:42:16.761: [INFO][Sync] Stopped: Autofill
2025-07-20 18:42:16.761: [INFO][Sync] Stopped: Extensions
2025-07-20 18:42:16.761: [INFO][Sync] Stopped: Sessions
2025-07-20 18:42:16.761: [INFO][Sync] Stopped: Extension settings
2025-07-20 18:42:16.761: [INFO][Sync] Stopped: History Delete Directives
2025-07-20 18:42:16.761: [INFO][Sync] Stopped: Device Info
2025-07-20 18:42:16.761: [INFO][Sync] Stopped: User Consents
2025-07-20 18:42:16.761: [INFO][Sync] Stopped: Send Tab To Self
2025-07-20 18:42:16.761: [INFO][Sync] Stopped: Web Apps
2025-07-20 18:42:16.761: [INFO][Sync] Stopped: History
2025-07-20 18:42:16.761: [INFO][Sync] Stopped: Saved Tab Group
2025-07-20 18:42:16.761: [INFO][Sync] Stopped: WebAuthn Credentials
2025-07-20 18:42:16.761: [INFO][Sync] Stopped: Collection
2025-07-20 18:42:16.761: [INFO][Sync] Stopped: Edge E Drop
2025-07-20 18:42:16.761: [INFO][Sync] Stopped: Edge Hub App Usage
2025-07-20 18:42:16.761: [INFO][Sync] Stopped: Edge Wallet
2025-07-20 21:02:25.234: [INFO][Sync] Reset engine, reason: 0
2025-07-20 21:03:11.066: [INFO][Sync] Reset engine, reason: 8
2025-07-20 21:03:11.066: [INFO][Sync] Stopped: Bookmarks
2025-07-20 21:03:11.066: [INFO][Sync] Stopped: Preferences
2025-07-20 21:03:11.066: [INFO][Sync] Stopped: Passwords
2025-07-20 21:03:11.066: [INFO][Sync] Stopped: Autofill Profiles
2025-07-20 21:03:11.066: [INFO][Sync] Stopped: Autofill
2025-07-20 21:03:11.066: [INFO][Sync] Stopped: Extensions
2025-07-20 21:03:11.066: [INFO][Sync] Stopped: Sessions
2025-07-20 21:03:11.066: [INFO][Sync] Stopped: Extension settings
2025-07-20 21:03:11.066: [INFO][Sync] Stopped: History Delete Directives
2025-07-20 21:03:11.066: [INFO][Sync] Stopped: Device Info
2025-07-20 21:03:11.066: [INFO][Sync] Stopped: User Consents
2025-07-20 21:03:11.066: [INFO][Sync] Stopped: Send Tab To Self
2025-07-20 21:03:11.066: [INFO][Sync] Stopped: Web Apps
2025-07-20 21:03:11.066: [INFO][Sync] Stopped: History
2025-07-20 21:03:11.066: [INFO][Sync] Stopped: Saved Tab Group
2025-07-20 21:03:11.066: [INFO][Sync] Stopped: WebAuthn Credentials
2025-07-20 21:03:11.066: [INFO][Sync] Stopped: Collection
2025-07-20 21:03:11.066: [INFO][Sync] Stopped: Edge E Drop
2025-07-20 21:03:11.066: [INFO][Sync] Stopped: Edge Hub App Usage
2025-07-20 21:03:11.066: [INFO][Sync] Stopped: Edge Wallet
2025-07-20 21:03:11.067: [INFO][Sync] SyncState after authenticated was: NotSignedIn
2025-07-20 21:03:11.688: [INFO][Sync] Reset engine, reason: 8
2025-07-20 21:03:11.688: [INFO][Sync] Stopped: Bookmarks
2025-07-20 21:03:11.688: [INFO][Sync] Stopped: Preferences
2025-07-20 21:03:11.688: [INFO][Sync] Stopped: Passwords
2025-07-20 21:03:11.688: [INFO][Sync] Stopped: Autofill Profiles
2025-07-20 21:03:11.688: [INFO][Sync] Stopped: Autofill
2025-07-20 21:03:11.688: [INFO][Sync] Stopped: Extensions
2025-07-20 21:03:11.688: [INFO][Sync] Stopped: Sessions
2025-07-20 21:03:11.688: [INFO][Sync] Stopped: Extension settings
2025-07-20 21:03:11.688: [INFO][Sync] Stopped: History Delete Directives
2025-07-20 21:03:11.688: [INFO][Sync] Stopped: Device Info
2025-07-20 21:03:11.688: [INFO][Sync] Stopped: User Consents
2025-07-20 21:03:11.688: [INFO][Sync] Stopped: Send Tab To Self
2025-07-20 21:03:11.688: [INFO][Sync] Stopped: Web Apps
2025-07-20 21:03:11.688: [INFO][Sync] Stopped: History
2025-07-20 21:03:11.688: [INFO][Sync] Stopped: Saved Tab Group
2025-07-20 21:03:11.688: [INFO][Sync] Stopped: WebAuthn Credentials
2025-07-20 21:03:11.688: [INFO][Sync] Stopped: Collection
2025-07-20 21:03:11.688: [INFO][Sync] Stopped: Edge E Drop
2025-07-20 21:03:11.688: [INFO][Sync] Stopped: Edge Hub App Usage
2025-07-20 21:03:11.688: [INFO][Sync] Stopped: Edge Wallet
2025-07-20 21:04:43.486: [INFO][Sync] Reset engine, reason: 0
